{
  "RSpec": {
    "coverage": {
      "/Users/im/projects/rubyjack/lib/rubyjack.rb": [
        null,
        null,
        1,
        1,
        1,
        1,
        1,
        1,
        1,
        null,
        1,
        1,
        null,
        null
      ],
      "/Users/im/projects/rubyjack/lib/rubyjack/constants.rb": [
        null,
        null,
        1,
        1,
        1,
        1,
        1,
        1,
        null,
        null
      ],
      "/Users/im/projects/rubyjack/lib/rubyjack/bet.rb": [
        null,
        null,
        1,
        1,
        1,
        null,
        1,
        0,
        null,
        null,
        1,
        0,
        null,
        null,
        null
      ],
      "/Users/im/projects/rubyjack/lib/rubyjack/card.rb": [
        null,
        null,
        1,
        1,
        1,
        null,
        1,
        316,
        316,
        null,
        null,
        1,
        0,
        0,
        0,
        null,
        null,
        1,
        2,
        null,
        null,
        null
      ],
      "/Users/im/projects/rubyjack/lib/rubyjack/shoe.rb": [
        null,
        null,
        1,
        1,
        null,
        1,
        1,
        1,
        4,
        null,
        null,
        1,
        4,
        null,
        3,
        null,
        null,
        1,
        1,
        null,
        null,
        1,
        1,
        1,
        null,
        null,
        1,
        null,
        1,
        6,
        240,
        72,
        null,
        null,
        null,
        null,
        1,
        8,
        null,
        null,
        null
      ],
      "/Users/im/projects/rubyjack/lib/rubyjack/game.rb": [
        1,
        1,
        1,
        0,
        0,
        null,
        null,
        null
      ],
      "/Users/im/projects/rubyjack/lib/rubyjack/hand.rb": [
        1,
        1,
        1,
        0,
        0,
        null,
        null,
        null
      ],
      "/Users/im/projects/rubyjack/lib/rubyjack/player.rb": [
        1,
        1,
        1,
        0,
        0,
        0,
        null,
        null,
        null
      ],
      "/Users/im/projects/rubyjack/spec/rubyjack/shoe_spec.rb": [
        null,
        null,
        1,
        null,
        1,
        null,
        3,
        2,
        3,
        2,
        2,
        null,
        1,
        1,
        1,
        null,
        null,
        1,
        1,
        null,
        null,
        1,
        1,
        null,
        null,
        null,
        1,
        2,
        1,
        null,
        1,
        1,
        null,
        null,
        null
      ],
      "/Users/im/projects/rubyjack/spec/rubyjack_spec.rb": [
        null,
        null,
        null,
        null,
        null,
        null,
        null,
        null,
        null,
        null,
        null,
        null,
        null,
        null
      ]
    },
    "timestamp": 1551643821
  }
}
